{"/Users/uthakur/Desktop/GitHub/bel-c17-js/4.ExpressJsProject/controllers/AuthController.js": {"path":"/Users/uthakur/Desktop/GitHub/bel-c17-js/4.ExpressJsProject/controllers/AuthController.js","statementMap":{"0":{"start":{"line":1,"column":18},"end":{"line":1,"column":48}},"1":{"start":{"line":2,"column":15},"end":{"line":2,"column":32}},"2":{"start":{"line":3,"column":12},"end":{"line":3,"column":35}},"3":{"start":{"line":5,"column":0},"end":{"line":5,"column":26}},"4":{"start":{"line":10,"column":53},"end":{"line":10,"column":61}},"5":{"start":{"line":14,"column":23},"end":{"line":20,"column":6}},"6":{"start":{"line":25,"column":4},"end":{"line":36,"column":5}},"7":{"start":{"line":26,"column":25},"end":{"line":26,"column":48}},"8":{"start":{"line":27,"column":8},"end":{"line":30,"column":10}},"9":{"start":{"line":32,"column":8},"end":{"line":35,"column":10}},"10":{"start":{"line":43,"column":23},"end":{"line":43,"column":47}},"11":{"start":{"line":44,"column":30},"end":{"line":44,"column":76}},"12":{"start":{"line":45,"column":4},"end":{"line":45,"column":28}},"13":{"start":{"line":50,"column":33},"end":{"line":50,"column":41}},"14":{"start":{"line":52,"column":17},"end":{"line":52,"column":51}},"15":{"start":{"line":54,"column":4},"end":{"line":87,"column":5}},"16":{"start":{"line":55,"column":8},"end":{"line":57,"column":10}},"17":{"start":{"line":60,"column":30},"end":{"line":60,"column":46}},"18":{"start":{"line":61,"column":23},"end":{"line":61,"column":66}},"19":{"start":{"line":62,"column":20},"end":{"line":62,"column":22}},"20":{"start":{"line":63,"column":8},"end":{"line":82,"column":9}},"21":{"start":{"line":65,"column":12},"end":{"line":65,"column":61}},"22":{"start":{"line":67,"column":28},"end":{"line":72,"column":13}},"23":{"start":{"line":75,"column":12},"end":{"line":81,"column":14}},"24":{"start":{"line":83,"column":8},"end":{"line":86,"column":10}},"25":{"start":{"line":97,"column":4},"end":{"line":97,"column":55}},"26":{"start":{"line":101,"column":0},"end":{"line":104,"column":1}}},"fnMap":{"0":{"name":"register","decl":{"start":{"line":8,"column":15},"end":{"line":8,"column":23}},"loc":{"start":{"line":8,"column":34},"end":{"line":39,"column":1}},"line":8},"1":{"name":"encryptPassword","decl":{"start":{"line":42,"column":15},"end":{"line":42,"column":30}},"loc":{"start":{"line":42,"column":50},"end":{"line":46,"column":1}},"line":42},"2":{"name":"login","decl":{"start":{"line":48,"column":15},"end":{"line":48,"column":20}},"loc":{"start":{"line":48,"column":31},"end":{"line":94,"column":1}},"line":48},"3":{"name":"findUserByUserName","decl":{"start":{"line":96,"column":15},"end":{"line":96,"column":33}},"loc":{"start":{"line":96,"column":44},"end":{"line":98,"column":1}},"line":96}},"branchMap":{"0":{"loc":{"start":{"line":54,"column":4},"end":{"line":87,"column":5}},"type":"if","locations":[{"start":{"line":54,"column":4},"end":{"line":87,"column":5}},{"start":{"line":58,"column":11},"end":{"line":87,"column":5}}],"line":54},"1":{"loc":{"start":{"line":63,"column":8},"end":{"line":82,"column":9}},"type":"if","locations":[{"start":{"line":63,"column":8},"end":{"line":82,"column":9}},{"start":{},"end":{}}],"line":63},"2":{"loc":{"start":{"line":71,"column":22},"end":{"line":71,"column":45}},"type":"binary-expr","locations":[{"start":{"line":71,"column":22},"end":{"line":71,"column":35}},{"start":{"line":71,"column":39},"end":{"line":71,"column":45}}],"line":71}},"s":{"0":1,"1":1,"2":1,"3":1,"4":0,"5":0,"6":0,"7":0,"8":0,"9":0,"10":0,"11":0,"12":0,"13":0,"14":0,"15":0,"16":0,"17":0,"18":0,"19":0,"20":0,"21":0,"22":0,"23":0,"24":0,"25":0,"26":1},"f":{"0":0,"1":0,"2":0,"3":0},"b":{"0":[0,0],"1":[0,0],"2":[0,0]},"_coverageSchema":"1a1c01bbd47fc00a2c39e90264f33305004495a9","hash":"0418559b11d3bdbbd08be6f74662702315db86ea"}
,"/Users/uthakur/Desktop/GitHub/bel-c17-js/4.ExpressJsProject/controllers/CourseController.js": {"path":"/Users/uthakur/Desktop/GitHub/bel-c17-js/4.ExpressJsProject/controllers/CourseController.js","statementMap":{"0":{"start":{"line":1,"column":16},"end":{"line":1,"column":41}},"1":{"start":{"line":5,"column":17},"end":{"line":5,"column":25}},"2":{"start":{"line":6,"column":4},"end":{"line":6,"column":23}},"3":{"start":{"line":7,"column":4},"end":{"line":7,"column":22}},"4":{"start":{"line":11,"column":17},"end":{"line":11,"column":24}},"5":{"start":{"line":16,"column":4},"end":{"line":16,"column":19}},"6":{"start":{"line":23,"column":0},"end":{"line":23,"column":61}}},"fnMap":{"0":{"name":"CreateCourse","decl":{"start":{"line":4,"column":9},"end":{"line":4,"column":21}},"loc":{"start":{"line":4,"column":38},"end":{"line":8,"column":1}},"line":4},"1":{"name":"GetAllCourses","decl":{"start":{"line":10,"column":9},"end":{"line":10,"column":22}},"loc":{"start":{"line":10,"column":33},"end":{"line":17,"column":1}},"line":10},"2":{"name":"GetCourseByID","decl":{"start":{"line":19,"column":9},"end":{"line":19,"column":22}},"loc":{"start":{"line":19,"column":33},"end":{"line":21,"column":1}},"line":19}},"branchMap":{},"s":{"0":1,"1":0,"2":0,"3":0,"4":0,"5":0,"6":1},"f":{"0":0,"1":0,"2":0},"b":{},"_coverageSchema":"1a1c01bbd47fc00a2c39e90264f33305004495a9","hash":"780f3d340478b9aa7206ee531f7a42faac93f96f"}
,"/Users/uthakur/Desktop/GitHub/bel-c17-js/4.ExpressJsProject/controllers/HomeController.js": {"path":"/Users/uthakur/Desktop/GitHub/bel-c17-js/4.ExpressJsProject/controllers/HomeController.js","statementMap":{"0":{"start":{"line":3,"column":4},"end":{"line":3,"column":50}},"1":{"start":{"line":7,"column":4},"end":{"line":7,"column":32}},"2":{"start":{"line":10,"column":0},"end":{"line":10,"column":55}}},"fnMap":{"0":{"name":"HomePageResponse","decl":{"start":{"line":1,"column":9},"end":{"line":1,"column":25}},"loc":{"start":{"line":1,"column":37},"end":{"line":4,"column":1}},"line":1},"1":{"name":"AboutsPageResponse","decl":{"start":{"line":6,"column":9},"end":{"line":6,"column":27}},"loc":{"start":{"line":6,"column":39},"end":{"line":8,"column":1}},"line":6}},"branchMap":{},"s":{"0":0,"1":0,"2":0},"f":{"0":0,"1":0},"b":{}}
,"/Users/uthakur/Desktop/GitHub/bel-c17-js/4.ExpressJsProject/middleware/JwtBasedAuthMiddlware.js": {"path":"/Users/uthakur/Desktop/GitHub/bel-c17-js/4.ExpressJsProject/middleware/JwtBasedAuthMiddlware.js","statementMap":{"0":{"start":{"line":1,"column":0},"end":{"line":1,"column":26}},"1":{"start":{"line":2,"column":12},"end":{"line":2,"column":35}},"2":{"start":{"line":3,"column":19},"end":{"line":3,"column":41}},"3":{"start":{"line":7,"column":20},"end":{"line":7,"column":31}},"4":{"start":{"line":8,"column":26},"end":{"line":8,"column":50}},"5":{"start":{"line":22,"column":18},"end":{"line":22,"column":62}},"6":{"start":{"line":24,"column":3},"end":{"line":51,"column":4}},"7":{"start":{"line":25,"column":4},"end":{"line":27,"column":7}},"8":{"start":{"line":30,"column":8},"end":{"line":49,"column":10}},"9":{"start":{"line":31,"column":12},"end":{"line":48,"column":13}},"10":{"start":{"line":36,"column":16},"end":{"line":39,"column":18}},"11":{"start":{"line":45,"column":16},"end":{"line":45,"column":60}},"12":{"start":{"line":46,"column":16},"end":{"line":46,"column":45}},"13":{"start":{"line":47,"column":16},"end":{"line":47,"column":23}},"14":{"start":{"line":57,"column":0},"end":{"line":57,"column":38}}},"fnMap":{"0":{"name":"JwtBasedAuthMiddlware","decl":{"start":{"line":6,"column":9},"end":{"line":6,"column":30}},"loc":{"start":{"line":6,"column":47},"end":{"line":54,"column":1}},"line":6},"1":{"name":"(anonymous_1)","decl":{"start":{"line":30,"column":38},"end":{"line":30,"column":39}},"loc":{"start":{"line":30,"column":64},"end":{"line":49,"column":9}},"line":30}},"branchMap":{"0":{"loc":{"start":{"line":22,"column":18},"end":{"line":22,"column":62}},"type":"binary-expr","locations":[{"start":{"line":22,"column":18},"end":{"line":22,"column":31}},{"start":{"line":22,"column":35},"end":{"line":22,"column":62}}],"line":22},"1":{"loc":{"start":{"line":24,"column":3},"end":{"line":51,"column":4}},"type":"if","locations":[{"start":{"line":24,"column":3},"end":{"line":51,"column":4}},{"start":{"line":28,"column":10},"end":{"line":51,"column":4}}],"line":24},"2":{"loc":{"start":{"line":31,"column":12},"end":{"line":48,"column":13}},"type":"if","locations":[{"start":{"line":31,"column":12},"end":{"line":48,"column":13}},{"start":{"line":41,"column":19},"end":{"line":48,"column":13}}],"line":31}},"s":{"0":1,"1":1,"2":1,"3":0,"4":0,"5":0,"6":0,"7":0,"8":0,"9":0,"10":0,"11":0,"12":0,"13":0,"14":1},"f":{"0":0,"1":0},"b":{"0":[0,0],"1":[0,0],"2":[0,0]},"_coverageSchema":"1a1c01bbd47fc00a2c39e90264f33305004495a9","hash":"2433d4716758ef89a6aa6e84152d50beec982d2a"}
,"/Users/uthakur/Desktop/GitHub/bel-c17-js/4.ExpressJsProject/middleware/admincheck.middleware.js": {"path":"/Users/uthakur/Desktop/GitHub/bel-c17-js/4.ExpressJsProject/middleware/admincheck.middleware.js","statementMap":{"0":{"start":{"line":6,"column":27},"end":{"line":6,"column":35}},"1":{"start":{"line":7,"column":8},"end":{"line":7,"column":46}},"2":{"start":{"line":8,"column":8},"end":{"line":14,"column":9}},"3":{"start":{"line":9,"column":12},"end":{"line":9,"column":19}},"4":{"start":{"line":11,"column":12},"end":{"line":13,"column":14}},"5":{"start":{"line":17,"column":4},"end":{"line":17,"column":21}},"6":{"start":{"line":22,"column":0},"end":{"line":22,"column":28}}},"fnMap":{"0":{"name":"adminCheck","decl":{"start":{"line":3,"column":9},"end":{"line":3,"column":19}},"loc":{"start":{"line":3,"column":26},"end":{"line":18,"column":1}},"line":3},"1":{"name":"validator","decl":{"start":{"line":5,"column":13},"end":{"line":5,"column":22}},"loc":{"start":{"line":5,"column":39},"end":{"line":15,"column":5}},"line":5}},"branchMap":{"0":{"loc":{"start":{"line":8,"column":8},"end":{"line":14,"column":9}},"type":"if","locations":[{"start":{"line":8,"column":8},"end":{"line":14,"column":9}},{"start":{"line":10,"column":15},"end":{"line":14,"column":9}}],"line":8}},"s":{"0":0,"1":0,"2":0,"3":0,"4":0,"5":1,"6":1},"f":{"0":1,"1":0},"b":{"0":[0,0]},"_coverageSchema":"1a1c01bbd47fc00a2c39e90264f33305004495a9","hash":"afe7c4cc1720920d80a0bef3b05cf1f367e9e5b5"}
,"/Users/uthakur/Desktop/GitHub/bel-c17-js/4.ExpressJsProject/middleware/passwordAuthMiddleware.js": {"path":"/Users/uthakur/Desktop/GitHub/bel-c17-js/4.ExpressJsProject/middleware/passwordAuthMiddleware.js","statementMap":{"0":{"start":{"line":1,"column":0},"end":{"line":1,"column":26}},"1":{"start":{"line":2,"column":24},"end":{"line":2,"column":51}},"2":{"start":{"line":7,"column":20},"end":{"line":7,"column":31}},"3":{"start":{"line":8,"column":26},"end":{"line":8,"column":50}},"4":{"start":{"line":10,"column":8},"end":{"line":10,"column":51}},"5":{"start":{"line":12,"column":4},"end":{"line":18,"column":5}},"6":{"start":{"line":14,"column":8},"end":{"line":14,"column":15}},"7":{"start":{"line":17,"column":8},"end":{"line":17,"column":37}},"8":{"start":{"line":23,"column":0},"end":{"line":23,"column":39}}},"fnMap":{"0":{"name":"PassowrdAuthMiddleware","decl":{"start":{"line":6,"column":9},"end":{"line":6,"column":31}},"loc":{"start":{"line":6,"column":48},"end":{"line":20,"column":1}},"line":6}},"branchMap":{"0":{"loc":{"start":{"line":12,"column":4},"end":{"line":18,"column":5}},"type":"if","locations":[{"start":{"line":12,"column":4},"end":{"line":18,"column":5}},{"start":{"line":15,"column":11},"end":{"line":18,"column":5}}],"line":12}},"s":{"0":1,"1":1,"2":0,"3":0,"4":0,"5":0,"6":0,"7":0,"8":1},"f":{"0":0},"b":{"0":[0,0]},"_coverageSchema":"1a1c01bbd47fc00a2c39e90264f33305004495a9","hash":"836875c862ac3d6063e76b4b91045d2f2c88307a"}
,"/Users/uthakur/Desktop/GitHub/bel-c17-js/4.ExpressJsProject/routes/AuthRoute.js": {"path":"/Users/uthakur/Desktop/GitHub/bel-c17-js/4.ExpressJsProject/routes/AuthRoute.js","statementMap":{"0":{"start":{"line":1,"column":16},"end":{"line":1,"column":34}},"1":{"start":{"line":2,"column":28},"end":{"line":2,"column":68}},"2":{"start":{"line":3,"column":15},"end":{"line":3,"column":31}},"3":{"start":{"line":7,"column":0},"end":{"line":7,"column":35}},"4":{"start":{"line":8,"column":0},"end":{"line":8,"column":29}},"5":{"start":{"line":11,"column":0},"end":{"line":11,"column":24}}},"fnMap":{},"branchMap":{},"s":{"0":1,"1":1,"2":1,"3":1,"4":1,"5":1},"f":{},"b":{},"_coverageSchema":"1a1c01bbd47fc00a2c39e90264f33305004495a9","hash":"0872666b5a4db430397d4317c41e1520d2250f76"}
,"/Users/uthakur/Desktop/GitHub/bel-c17-js/4.ExpressJsProject/routes/CourseRoute.js": {"path":"/Users/uthakur/Desktop/GitHub/bel-c17-js/4.ExpressJsProject/routes/CourseRoute.js","statementMap":{"0":{"start":{"line":1,"column":16},"end":{"line":1,"column":34}},"1":{"start":{"line":2,"column":55},"end":{"line":2,"column":97}},"2":{"start":{"line":3,"column":31},"end":{"line":3,"column":78}},"3":{"start":{"line":4,"column":30},"end":{"line":4,"column":76}},"4":{"start":{"line":5,"column":19},"end":{"line":5,"column":65}},"5":{"start":{"line":7,"column":15},"end":{"line":7,"column":31}},"6":{"start":{"line":10,"column":0},"end":{"line":10,"column":54}},"7":{"start":{"line":13,"column":0},"end":{"line":13,"column":75}},"8":{"start":{"line":16,"column":0},"end":{"line":16,"column":33}},"9":{"start":{"line":19,"column":0},"end":{"line":19,"column":24}}},"fnMap":{},"branchMap":{},"s":{"0":1,"1":1,"2":1,"3":1,"4":1,"5":1,"6":1,"7":1,"8":1,"9":1},"f":{},"b":{},"_coverageSchema":"1a1c01bbd47fc00a2c39e90264f33305004495a9","hash":"de091bf4a36ae0fb5a31ea66f400797abe26fe4d"}
,"/Users/uthakur/Desktop/GitHub/bel-c17-js/4.ExpressJsProject/routes/HomeRoute.js": {"path":"/Users/uthakur/Desktop/GitHub/bel-c17-js/4.ExpressJsProject/routes/HomeRoute.js","statementMap":{"0":{"start":{"line":1,"column":16},"end":{"line":1,"column":34}},"1":{"start":{"line":2,"column":49},"end":{"line":2,"column":89}},"2":{"start":{"line":3,"column":15},"end":{"line":3,"column":31}},"3":{"start":{"line":7,"column":0},"end":{"line":7,"column":33}},"4":{"start":{"line":8,"column":0},"end":{"line":8,"column":37}},"5":{"start":{"line":9,"column":0},"end":{"line":9,"column":41}},"6":{"start":{"line":11,"column":0},"end":{"line":11,"column":24}}},"fnMap":{},"branchMap":{},"s":{"0":1,"1":1,"2":1,"3":1,"4":1,"5":1,"6":1},"f":{},"b":{},"_coverageSchema":"1a1c01bbd47fc00a2c39e90264f33305004495a9","hash":"f5d4762ec5a4310b86453310280d81130fa00cff"}
}
