TN:
SF:controllers/AuthController.js
FN:8,register
FN:42,encryptPassword
FN:48,login
FN:96,findUserByUserName
FNF:4
FNH:0
FNDA:0,register
FNDA:0,encryptPassword
FNDA:0,login
FNDA:0,findUserByUserName
DA:1,1
DA:2,1
DA:3,1
DA:5,1
DA:10,0
DA:14,0
DA:25,0
DA:26,0
DA:27,0
DA:32,0
DA:43,0
DA:44,0
DA:45,0
DA:50,0
DA:52,0
DA:54,0
DA:55,0
DA:60,0
DA:61,0
DA:62,0
DA:63,0
DA:65,0
DA:67,0
DA:75,0
DA:83,0
DA:97,0
DA:101,1
LF:27
LH:5
BRDA:54,0,0,0
BRDA:54,0,1,0
BRDA:63,1,0,0
BRDA:63,1,1,0
BRDA:71,2,0,0
BRDA:71,2,1,0
BRF:6
BRH:0
end_of_record
TN:
SF:controllers/CourseController.js
FN:4,CreateCourse
FN:10,GetAllCourses
FN:19,GetCourseByID
FNF:3
FNH:0
FNDA:0,CreateCourse
FNDA:0,GetAllCourses
FNDA:0,GetCourseByID
DA:1,1
DA:5,0
DA:6,0
DA:7,0
DA:11,0
DA:16,0
DA:23,1
LF:7
LH:2
BRF:0
BRH:0
end_of_record
TN:
SF:controllers/HomeController.js
FN:1,HomePageResponse
FN:6,AboutsPageResponse
FNF:2
FNH:0
FNDA:0,HomePageResponse
FNDA:0,AboutsPageResponse
DA:3,0
DA:7,0
DA:10,0
LF:3
LH:0
BRF:0
BRH:0
end_of_record
TN:
SF:middleware/JwtBasedAuthMiddlware.js
FN:6,JwtBasedAuthMiddlware
FN:30,(anonymous_1)
FNF:2
FNH:0
FNDA:0,JwtBasedAuthMiddlware
FNDA:0,(anonymous_1)
DA:1,1
DA:2,1
DA:3,1
DA:7,0
DA:8,0
DA:22,0
DA:24,0
DA:25,0
DA:30,0
DA:31,0
DA:36,0
DA:45,0
DA:46,0
DA:47,0
DA:57,1
LF:15
LH:4
BRDA:22,0,0,0
BRDA:22,0,1,0
BRDA:24,1,0,0
BRDA:24,1,1,0
BRDA:31,2,0,0
BRDA:31,2,1,0
BRF:6
BRH:0
end_of_record
TN:
SF:middleware/admincheck.middleware.js
FN:3,adminCheck
FN:5,validator
FNF:2
FNH:1
FNDA:1,adminCheck
FNDA:0,validator
DA:6,0
DA:7,0
DA:8,0
DA:9,0
DA:11,0
DA:17,1
DA:22,1
LF:7
LH:2
BRDA:8,0,0,0
BRDA:8,0,1,0
BRF:2
BRH:0
end_of_record
TN:
SF:middleware/passwordAuthMiddleware.js
FN:6,PassowrdAuthMiddleware
FNF:1
FNH:0
FNDA:0,PassowrdAuthMiddleware
DA:1,1
DA:2,1
DA:7,0
DA:8,0
DA:10,0
DA:12,0
DA:14,0
DA:17,0
DA:23,1
LF:9
LH:3
BRDA:12,0,0,0
BRDA:12,0,1,0
BRF:2
BRH:0
end_of_record
TN:
SF:routes/AuthRoute.js
FNF:0
FNH:0
DA:1,1
DA:2,1
DA:3,1
DA:7,1
DA:8,1
DA:11,1
LF:6
LH:6
BRF:0
BRH:0
end_of_record
TN:
SF:routes/CourseRoute.js
FNF:0
FNH:0
DA:1,1
DA:2,1
DA:3,1
DA:4,1
DA:5,1
DA:7,1
DA:10,1
DA:13,1
DA:16,1
DA:19,1
LF:10
LH:10
BRF:0
BRH:0
end_of_record
TN:
SF:routes/HomeRoute.js
FNF:0
FNH:0
DA:1,1
DA:2,1
DA:3,1
DA:7,1
DA:8,1
DA:9,1
DA:11,1
LF:7
LH:7
BRF:0
BRH:0
end_of_record
